2023-03-03 10:59:09,310 INFO org.springframework.test.context.support.AbstractTestContextBootstrapper [main] Neither @ContextConfiguration nor @ContextHierarchy found for test class [com.besysoft.bootcamp.service.impl.GeneroServiceBDImplTest], using SpringBootContextLoader
2023-03-03 10:59:09,356 INFO org.springframework.test.context.support.AbstractContextLoader [main] Could not detect default resource locations for test class [com.besysoft.bootcamp.service.impl.GeneroServiceBDImplTest]: no resource found for suffixes {-context.xml, Context.groovy}.
2023-03-03 10:59:09,366 INFO org.springframework.test.context.support.AnnotationConfigContextLoaderUtils [main] Could not detect default configuration classes for test class [com.besysoft.bootcamp.service.impl.GeneroServiceBDImplTest]: GeneroServiceBDImplTest does not declare any static, non-private, non-final, nested classes annotated with @Configuration.
2023-03-03 10:59:10,080 INFO org.springframework.boot.test.context.SpringBootTestContextBootstrapper [main] Found @SpringBootConfiguration com.besysoft.bootcamp.BootcampApplication for test class com.besysoft.bootcamp.service.impl.GeneroServiceBDImplTest
2023-03-03 10:59:10,587 INFO org.springframework.test.context.support.AbstractTestContextBootstrapper [main] Loaded default TestExecutionListener class names from location [META-INF/spring.factories]: [org.springframework.boot.test.mock.mockito.MockitoTestExecutionListener, org.springframework.boot.test.mock.mockito.ResetMocksTestExecutionListener, org.springframework.boot.test.autoconfigure.restdocs.RestDocsTestExecutionListener, org.springframework.boot.test.autoconfigure.web.client.MockRestServiceServerResetTestExecutionListener, org.springframework.boot.test.autoconfigure.web.servlet.MockMvcPrintOnlyOnFailureTestExecutionListener, org.springframework.boot.test.autoconfigure.web.servlet.WebDriverTestExecutionListener, org.springframework.boot.test.autoconfigure.webservices.client.MockWebServiceServerTestExecutionListener, org.springframework.test.context.web.ServletTestExecutionListener, org.springframework.test.context.support.DirtiesContextBeforeModesTestExecutionListener, org.springframework.test.context.event.ApplicationEventsTestExecutionListener, org.springframework.test.context.support.DependencyInjectionTestExecutionListener, org.springframework.test.context.support.DirtiesContextTestExecutionListener, org.springframework.test.context.transaction.TransactionalTestExecutionListener, org.springframework.test.context.jdbc.SqlScriptsTestExecutionListener, org.springframework.test.context.event.EventPublishingTestExecutionListener]
2023-03-03 10:59:10,680 INFO org.springframework.test.context.support.AbstractTestContextBootstrapper [main] Using TestExecutionListeners: [org.springframework.test.context.web.ServletTestExecutionListener@5fb97279, org.springframework.test.context.support.DirtiesContextBeforeModesTestExecutionListener@439a8f59, org.springframework.test.context.event.ApplicationEventsTestExecutionListener@61861a29, org.springframework.boot.test.mock.mockito.MockitoTestExecutionListener@31024624, org.springframework.boot.test.autoconfigure.SpringBootDependencyInjectionTestExecutionListener@25bcd0c7, org.springframework.test.context.support.DirtiesContextTestExecutionListener@32cb636e, org.springframework.test.context.transaction.TransactionalTestExecutionListener@63cd604c, org.springframework.test.context.jdbc.SqlScriptsTestExecutionListener@40dd3977, org.springframework.test.context.event.EventPublishingTestExecutionListener@3a4e343, org.springframework.boot.test.mock.mockito.ResetMocksTestExecutionListener@6a1d204a, org.springframework.boot.test.autoconfigure.restdocs.RestDocsTestExecutionListener@62dae245, org.springframework.boot.test.autoconfigure.web.client.MockRestServiceServerResetTestExecutionListener@4b6579e8, org.springframework.boot.test.autoconfigure.web.servlet.MockMvcPrintOnlyOnFailureTestExecutionListener@6fff253c, org.springframework.boot.test.autoconfigure.web.servlet.WebDriverTestExecutionListener@6c6357f9, org.springframework.boot.test.autoconfigure.webservices.client.MockWebServiceServerTestExecutionListener@591e58fa]
2023-03-03 10:59:12,239 INFO org.springframework.boot.StartupInfoLogger [main] Starting GeneroServiceBDImplTest using Java 11.0.15 on DESKTOP-464VQAU with PID 6768 (started by pc in C:\Users\pc\Documents\besysoft\ejercicios\ejercicio-5)
2023-03-03 10:59:12,254 INFO org.springframework.boot.SpringApplication [main] No active profile set, falling back to 1 default profile: "default"
2023-03-03 10:59:12,375 INFO org.hibernate.validator.internal.util.Version [background-preinit] HV000001: Hibernate Validator 6.2.5.Final
2023-03-03 10:59:16,137 INFO org.springframework.data.repository.config.RepositoryConfigurationDelegate [main] Bootstrapping Spring Data JPA repositories in DEFAULT mode.
2023-03-03 10:59:16,591 INFO org.springframework.data.repository.config.RepositoryConfigurationDelegate [main] Finished Spring Data repository scanning in 412 ms. Found 3 JPA repository interfaces.
2023-03-03 10:59:21,669 INFO com.zaxxer.hikari.HikariDataSource [main] HikariPool-1 - Starting...
2023-03-03 10:59:22,916 INFO com.zaxxer.hikari.HikariDataSource [main] HikariPool-1 - Start completed.
2023-03-03 10:59:23,318 INFO org.hibernate.jpa.internal.util.LogHelper [main] HHH000204: Processing PersistenceUnitInfo [name: default]
2023-03-03 10:59:23,669 INFO org.hibernate.Version [main] HHH000412: Hibernate ORM core version 5.6.14.Final
2023-03-03 10:59:23,909 INFO org.hibernate.annotations.common.reflection.java.JavaReflectionManager [main] HCANN000001: Hibernate Commons Annotations {5.1.2.Final}
2023-03-03 10:59:25,336 INFO org.hibernate.dialect.Dialect [main] HHH000400: Using dialect: org.hibernate.dialect.H2Dialect
2023-03-03 10:59:28,692 INFO org.hibernate.tool.schema.internal.exec.AbstractScriptSourceInput [main] HHH000476: Executing import script 'file:/C:/Users/pc/Documents/besysoft/ejercicios/ejercicio-5/target/test-classes/import.sql'
2023-03-03 10:59:28,765 INFO org.hibernate.engine.transaction.jta.platform.internal.JtaPlatformInitiator [main] HHH000490: Using JtaPlatform implementation: [org.hibernate.engine.transaction.jta.platform.internal.NoJtaPlatform]
2023-03-03 10:59:28,824 INFO org.springframework.orm.jpa.AbstractEntityManagerFactoryBean [main] Initialized JPA EntityManagerFactory for persistence unit 'default'
2023-03-03 10:59:32,597 WARN org.springframework.boot.autoconfigure.orm.jpa.JpaBaseConfiguration$JpaWebConfiguration [main] spring.jpa.open-in-view is enabled by default. Therefore, database queries may be performed during view rendering. Explicitly configure spring.jpa.open-in-view to disable this warning
2023-03-03 10:59:35,383 INFO org.springframework.boot.StartupInfoLogger [main] Started GeneroServiceBDImplTest in 24.458 seconds (JVM running for 30.744)
2023-03-03 10:59:36,137 INFO org.springframework.orm.jpa.AbstractEntityManagerFactoryBean [SpringApplicationShutdownHook] Closing JPA EntityManagerFactory for persistence unit 'default'
2023-03-03 10:59:36,140 INFO org.hibernate.tool.schema.internal.SchemaDropperImpl$DelayedDropActionImpl [SpringApplicationShutdownHook] HHH000477: Starting delayed evictData of schema as part of SessionFactory shut-down'
2023-03-03 10:59:36,159 WARN org.hibernate.engine.jdbc.spi.SqlExceptionHelper [SpringApplicationShutdownHook] SQL Error: 90121, SQLState: 90121
2023-03-03 10:59:36,162 ERROR org.hibernate.engine.jdbc.spi.SqlExceptionHelper [SpringApplicationShutdownHook] La base de datos ya esta cerrada (para des-habilitar el cerrado automatico durante el shutdown de la VM, agregue ";DB_CLOSE_ON_EXIT=FALSE" a la URL de conexión)
Database is already closed (to disable automatic closing at VM shutdown, add ";DB_CLOSE_ON_EXIT=FALSE" to the db URL) [90121-214]
2023-03-03 10:59:36,176 WARN org.hibernate.engine.jdbc.spi.SqlExceptionHelper [SpringApplicationShutdownHook] SQL Error: 90121, SQLState: 90121
2023-03-03 10:59:36,179 ERROR org.hibernate.engine.jdbc.spi.SqlExceptionHelper [SpringApplicationShutdownHook] La base de datos ya esta cerrada (para des-habilitar el cerrado automatico durante el shutdown de la VM, agregue ";DB_CLOSE_ON_EXIT=FALSE" a la URL de conexión)
Database is already closed (to disable automatic closing at VM shutdown, add ";DB_CLOSE_ON_EXIT=FALSE" to the db URL) [90121-214]
2023-03-03 10:59:36,182 WARN org.springframework.beans.factory.support.DisposableBeanAdapter [SpringApplicationShutdownHook] Invocation of destroy method failed on bean with name 'entityManagerFactory': org.hibernate.exception.JDBCConnectionException: Unable to release JDBC Connection used for DDL execution
2023-03-03 10:59:36,189 INFO com.zaxxer.hikari.HikariDataSource [SpringApplicationShutdownHook] HikariPool-1 - Shutdown initiated...
2023-03-03 10:59:36,213 INFO com.zaxxer.hikari.HikariDataSource [SpringApplicationShutdownHook] HikariPool-1 - Shutdown completed.
