2023-03-03 12:40:25,413 INFO org.springframework.test.context.support.AbstractTestContextBootstrapper [main] Neither @ContextConfiguration nor @ContextHierarchy found for test class [com.besysoft.bootcamp.service.impl.PeliculaSerieServiceBDImplTest], using SpringBootContextLoader
2023-03-03 12:40:25,452 INFO org.springframework.test.context.support.AbstractContextLoader [main] Could not detect default resource locations for test class [com.besysoft.bootcamp.service.impl.PeliculaSerieServiceBDImplTest]: no resource found for suffixes {-context.xml, Context.groovy}.
2023-03-03 12:40:25,461 INFO org.springframework.test.context.support.AnnotationConfigContextLoaderUtils [main] Could not detect default configuration classes for test class [com.besysoft.bootcamp.service.impl.PeliculaSerieServiceBDImplTest]: PeliculaSerieServiceBDImplTest does not declare any static, non-private, non-final, nested classes annotated with @Configuration.
2023-03-03 12:40:26,067 INFO org.springframework.boot.test.context.SpringBootTestContextBootstrapper [main] Found @SpringBootConfiguration com.besysoft.bootcamp.BootcampApplication for test class com.besysoft.bootcamp.service.impl.PeliculaSerieServiceBDImplTest
2023-03-03 12:40:26,554 INFO org.springframework.test.context.support.AbstractTestContextBootstrapper [main] Loaded default TestExecutionListener class names from location [META-INF/spring.factories]: [org.springframework.boot.test.mock.mockito.MockitoTestExecutionListener, org.springframework.boot.test.mock.mockito.ResetMocksTestExecutionListener, org.springframework.boot.test.autoconfigure.restdocs.RestDocsTestExecutionListener, org.springframework.boot.test.autoconfigure.web.client.MockRestServiceServerResetTestExecutionListener, org.springframework.boot.test.autoconfigure.web.servlet.MockMvcPrintOnlyOnFailureTestExecutionListener, org.springframework.boot.test.autoconfigure.web.servlet.WebDriverTestExecutionListener, org.springframework.boot.test.autoconfigure.webservices.client.MockWebServiceServerTestExecutionListener, org.springframework.test.context.web.ServletTestExecutionListener, org.springframework.test.context.support.DirtiesContextBeforeModesTestExecutionListener, org.springframework.test.context.event.ApplicationEventsTestExecutionListener, org.springframework.test.context.support.DependencyInjectionTestExecutionListener, org.springframework.test.context.support.DirtiesContextTestExecutionListener, org.springframework.test.context.transaction.TransactionalTestExecutionListener, org.springframework.test.context.jdbc.SqlScriptsTestExecutionListener, org.springframework.test.context.event.EventPublishingTestExecutionListener]
2023-03-03 12:40:26,644 INFO org.springframework.test.context.support.AbstractTestContextBootstrapper [main] Using TestExecutionListeners: [org.springframework.test.context.web.ServletTestExecutionListener@5bda80bf, org.springframework.test.context.support.DirtiesContextBeforeModesTestExecutionListener@71e5f61d, org.springframework.test.context.event.ApplicationEventsTestExecutionListener@2ce86164, org.springframework.boot.test.mock.mockito.MockitoTestExecutionListener@5e8f9e2d, org.springframework.boot.test.autoconfigure.SpringBootDependencyInjectionTestExecutionListener@51df223b, org.springframework.test.context.support.DirtiesContextTestExecutionListener@fd46303, org.springframework.test.context.transaction.TransactionalTestExecutionListener@60d8c0dc, org.springframework.test.context.jdbc.SqlScriptsTestExecutionListener@4204541c, org.springframework.test.context.event.EventPublishingTestExecutionListener@6a62689d, org.springframework.boot.test.mock.mockito.ResetMocksTestExecutionListener@4602c2a9, org.springframework.boot.test.autoconfigure.restdocs.RestDocsTestExecutionListener@60fa3495, org.springframework.boot.test.autoconfigure.web.client.MockRestServiceServerResetTestExecutionListener@3e2822, org.springframework.boot.test.autoconfigure.web.servlet.MockMvcPrintOnlyOnFailureTestExecutionListener@79e18e38, org.springframework.boot.test.autoconfigure.web.servlet.WebDriverTestExecutionListener@29a60c27, org.springframework.boot.test.autoconfigure.webservices.client.MockWebServiceServerTestExecutionListener@1849db1a]
2023-03-03 12:40:28,287 INFO org.springframework.boot.StartupInfoLogger [main] Starting PeliculaSerieServiceBDImplTest using Java 11.0.15 on DESKTOP-464VQAU with PID 9352 (started by pc in C:\Users\pc\Documents\besysoft\ejercicios\ejercicio-5)
2023-03-03 12:40:28,291 INFO org.springframework.boot.SpringApplication [main] No active profile set, falling back to 1 default profile: "default"
2023-03-03 12:40:28,450 INFO org.hibernate.validator.internal.util.Version [background-preinit] HV000001: Hibernate Validator 6.2.5.Final
2023-03-03 12:40:32,647 INFO org.springframework.data.repository.config.RepositoryConfigurationDelegate [main] Bootstrapping Spring Data JPA repositories in DEFAULT mode.
2023-03-03 12:40:33,064 INFO org.springframework.data.repository.config.RepositoryConfigurationDelegate [main] Finished Spring Data repository scanning in 374 ms. Found 3 JPA repository interfaces.
2023-03-03 12:40:38,246 INFO com.zaxxer.hikari.HikariDataSource [main] HikariPool-1 - Starting...
2023-03-03 12:40:39,668 INFO com.zaxxer.hikari.HikariDataSource [main] HikariPool-1 - Start completed.
2023-03-03 12:40:40,249 INFO org.hibernate.jpa.internal.util.LogHelper [main] HHH000204: Processing PersistenceUnitInfo [name: default]
2023-03-03 12:40:40,601 INFO org.hibernate.Version [main] HHH000412: Hibernate ORM core version 5.6.14.Final
2023-03-03 12:40:40,821 INFO org.hibernate.annotations.common.reflection.java.JavaReflectionManager [main] HCANN000001: Hibernate Commons Annotations {5.1.2.Final}
2023-03-03 12:40:42,125 INFO org.hibernate.dialect.Dialect [main] HHH000400: Using dialect: org.hibernate.dialect.H2Dialect
2023-03-03 12:40:45,313 INFO org.hibernate.tool.schema.internal.exec.AbstractScriptSourceInput [main] HHH000476: Executing import script 'file:/C:/Users/pc/Documents/besysoft/ejercicios/ejercicio-5/target/test-classes/import.sql'
2023-03-03 12:40:45,364 INFO org.hibernate.engine.transaction.jta.platform.internal.JtaPlatformInitiator [main] HHH000490: Using JtaPlatform implementation: [org.hibernate.engine.transaction.jta.platform.internal.NoJtaPlatform]
2023-03-03 12:40:45,422 INFO org.springframework.orm.jpa.AbstractEntityManagerFactoryBean [main] Initialized JPA EntityManagerFactory for persistence unit 'default'
2023-03-03 12:40:48,773 WARN org.springframework.boot.autoconfigure.orm.jpa.JpaBaseConfiguration$JpaWebConfiguration [main] spring.jpa.open-in-view is enabled by default. Therefore, database queries may be performed during view rendering. Explicitly configure spring.jpa.open-in-view to disable this warning
2023-03-03 12:40:51,905 INFO org.springframework.boot.StartupInfoLogger [main] Started PeliculaSerieServiceBDImplTest in 25.032 seconds (JVM running for 30.719)
2023-03-03 12:40:52,811 INFO org.springframework.orm.jpa.AbstractEntityManagerFactoryBean [SpringApplicationShutdownHook] Closing JPA EntityManagerFactory for persistence unit 'default'
2023-03-03 12:40:52,814 INFO org.hibernate.tool.schema.internal.SchemaDropperImpl$DelayedDropActionImpl [SpringApplicationShutdownHook] HHH000477: Starting delayed evictData of schema as part of SessionFactory shut-down'
2023-03-03 12:40:52,825 WARN org.hibernate.engine.jdbc.spi.SqlExceptionHelper [SpringApplicationShutdownHook] SQL Error: 90121, SQLState: 90121
2023-03-03 12:40:52,826 ERROR org.hibernate.engine.jdbc.spi.SqlExceptionHelper [SpringApplicationShutdownHook] La base de datos ya esta cerrada (para des-habilitar el cerrado automatico durante el shutdown de la VM, agregue ";DB_CLOSE_ON_EXIT=FALSE" a la URL de conexión)
Database is already closed (to disable automatic closing at VM shutdown, add ";DB_CLOSE_ON_EXIT=FALSE" to the db URL) [90121-214]
2023-03-03 12:40:52,831 WARN org.hibernate.engine.jdbc.spi.SqlExceptionHelper [SpringApplicationShutdownHook] SQL Error: 90121, SQLState: 90121
2023-03-03 12:40:52,832 ERROR org.hibernate.engine.jdbc.spi.SqlExceptionHelper [SpringApplicationShutdownHook] La base de datos ya esta cerrada (para des-habilitar el cerrado automatico durante el shutdown de la VM, agregue ";DB_CLOSE_ON_EXIT=FALSE" a la URL de conexión)
Database is already closed (to disable automatic closing at VM shutdown, add ";DB_CLOSE_ON_EXIT=FALSE" to the db URL) [90121-214]
2023-03-03 12:40:52,835 WARN org.springframework.beans.factory.support.DisposableBeanAdapter [SpringApplicationShutdownHook] Invocation of destroy method failed on bean with name 'entityManagerFactory': org.hibernate.exception.JDBCConnectionException: Unable to release JDBC Connection used for DDL execution
2023-03-03 12:40:52,837 INFO com.zaxxer.hikari.HikariDataSource [SpringApplicationShutdownHook] HikariPool-1 - Shutdown initiated...
2023-03-03 12:40:52,850 INFO com.zaxxer.hikari.HikariDataSource [SpringApplicationShutdownHook] HikariPool-1 - Shutdown completed.
